Logfile initialized
[INFO] logfile = /Users/ranjithkumarnagella/Documents/Titanium_Studio_Workspace/FOX/build.log
[DEBUG] /Users/ranjithkumarnagella/Library/Application Support/Titanium/mobilesdk/osx/2.1.3.GA/android/builder.py simulator FOX /Users/ranjithkumarnagella/Documents /Users/ranjithkumarnagella/Documents/Titanium_Studio_Workspace/FOX edu.odu.Fox 4 WVGA854 
[INFO] Building FOX for Android ... one moment
[INFO] Titanium SDK version: 2.1.3 (10/02/12 16:16 15997d0)
[DEBUG] Waiting for device to be ready ...
[TRACE] adb devices returned 1 devices/emulators
[TRACE] adb devices returned 1 devices/emulators
[TRACE] adb devices returned 1 devices/emulators
[TRACE] adb devices returned 1 devices/emulators
[DEBUG] Device connected... (waited 15 seconds)
[DEBUG] waited 15.103789 seconds on emulator to get ready
[INFO] Waiting for the Android Emulator to become available
[DEBUG] edu.odu.Fox installed? True
[INFO] Fastdev server running, deploying in Fastdev mode
[INFO] Copying CommonJS modules...
[INFO] Copying project resources..
[TRACE] COPYING MODIFIED FILE: /Users/ranjithkumarnagella/Documents/Titanium_Studio_Workspace/FOX/Resources/fileSystem.js => /Users/ranjithkumarnagella/Documents/Titanium_Studio_Workspace/FOX/build/android/bin/assets/Resources/fileSystem.js
[INFO] Tiapp.xml unchanged, skipping class generation
[DEBUG] Processing Android resource drawables
[DEBUG] found drawable-long-land-hdpi splash screen at /Users/ranjithkumarnagella/Documents/Titanium_Studio_Workspace/FOX/Resources/android/images/res-long-land-hdpi/default.png
[DEBUG] found drawable-long-land-ldpi splash screen at /Users/ranjithkumarnagella/Documents/Titanium_Studio_Workspace/FOX/Resources/android/images/res-long-land-ldpi/default.png
[DEBUG] found drawable-long-port-hdpi splash screen at /Users/ranjithkumarnagella/Documents/Titanium_Studio_Workspace/FOX/Resources/android/images/res-long-port-hdpi/default.png
[DEBUG] found drawable-long-port-ldpi splash screen at /Users/ranjithkumarnagella/Documents/Titanium_Studio_Workspace/FOX/Resources/android/images/res-long-port-ldpi/default.png
[DEBUG] found drawable-notlong-land-hdpi splash screen at /Users/ranjithkumarnagella/Documents/Titanium_Studio_Workspace/FOX/Resources/android/images/res-notlong-land-hdpi/default.png
[DEBUG] found drawable-notlong-land-ldpi splash screen at /Users/ranjithkumarnagella/Documents/Titanium_Studio_Workspace/FOX/Resources/android/images/res-notlong-land-ldpi/default.png
[DEBUG] found drawable-notlong-land-mdpi splash screen at /Users/ranjithkumarnagella/Documents/Titanium_Studio_Workspace/FOX/Resources/android/images/res-notlong-land-mdpi/default.png
[DEBUG] found drawable-notlong-port-hdpi splash screen at /Users/ranjithkumarnagella/Documents/Titanium_Studio_Workspace/FOX/Resources/android/images/res-notlong-port-hdpi/default.png
[DEBUG] found drawable-notlong-port-ldpi splash screen at /Users/ranjithkumarnagella/Documents/Titanium_Studio_Workspace/FOX/Resources/android/images/res-notlong-port-ldpi/default.png
[DEBUG] found drawable-notlong-port-mdpi splash screen at /Users/ranjithkumarnagella/Documents/Titanium_Studio_Workspace/FOX/Resources/android/images/res-notlong-port-mdpi/default.png
[INFO] Waiting for SDCard to become available..
[INFO] Re-launching application ... FOX
[INFO] Launching application ... FOX
[TRACE] Launch output: Starting: Intent { act=android.intent.action.MAIN cat=[android.intent.category.LAUNCHER] flg=0x10200000 cmp=edu.odu.Fox/.FoxActivity }

[DEBUG] signal caught: 15
[DEBUG] calling emulator kill on 1354
